2023-05-19 09:53:28,526 INFO org.springframework.boot.StartupInfoLogger [main] Starting MinRecBotJavaApplication using Java 20.0.1 on WIN-J15PQP10AI8 with PID 1576 (C:\Users\RomaNika\IdeaProjects\MinimalRecordsJabaBot\target\classes started by RomaNika in C:\Users\RomaNika\IdeaProjects\MinimalRecordsJabaBot)
2023-05-19 09:53:28,529 INFO org.springframework.boot.SpringApplication [main] No active profile set, falling back to 1 default profile: "default"
2023-05-19 09:53:29,843 INFO org.springframework.data.repository.config.RepositoryConfigurationDelegate [main] Bootstrapping Spring Data JPA repositories in DEFAULT mode.
2023-05-19 09:53:29,908 INFO org.springframework.data.repository.config.RepositoryConfigurationDelegate [main] Finished Spring Data repository scanning in 54 ms. Found 3 JPA repository interfaces.
2023-05-19 09:53:30,475 INFO org.springframework.boot.web.embedded.tomcat.TomcatWebServer [main] Tomcat initialized with port(s): 8080 (http)
2023-05-19 09:53:30,496 INFO org.apache.juli.logging.DirectJDKLog [main] Initializing ProtocolHandler ["http-nio-8080"]
2023-05-19 09:53:30,496 INFO org.apache.juli.logging.DirectJDKLog [main] Starting service [Tomcat]
2023-05-19 09:53:30,496 INFO org.apache.juli.logging.DirectJDKLog [main] Starting Servlet engine: [Apache Tomcat/9.0.70]
2023-05-19 09:53:30,612 INFO org.apache.juli.logging.DirectJDKLog [main] Initializing Spring embedded WebApplicationContext
2023-05-19 09:53:30,613 INFO org.springframework.boot.web.servlet.context.ServletWebServerApplicationContext [main] Root WebApplicationContext: initialization completed in 2008 ms
2023-05-19 09:53:30,965 INFO org.hibernate.jpa.internal.util.LogHelper [main] HHH000204: Processing PersistenceUnitInfo [name: default]
2023-05-19 09:53:31,029 INFO org.hibernate.Version [main] HHH000412: Hibernate ORM core version 5.6.14.Final
2023-05-19 09:53:31,386 INFO org.hibernate.annotations.common.reflection.java.JavaReflectionManager [main] HCANN000001: Hibernate Commons Annotations {5.1.2.Final}
2023-05-19 09:53:31,496 INFO com.zaxxer.hikari.HikariDataSource [main] HikariPool-1 - Starting...
2023-05-19 09:53:32,135 INFO com.zaxxer.hikari.HikariDataSource [main] HikariPool-1 - Start completed.
2023-05-19 09:53:32,164 INFO org.hibernate.dialect.Dialect [main] HHH000400: Using dialect: org.hibernate.dialect.PostgresPlusDialect
2023-05-19 09:53:33,024 INFO org.hibernate.engine.transaction.jta.platform.internal.JtaPlatformInitiator [main] HHH000490: Using JtaPlatform implementation: [org.hibernate.engine.transaction.jta.platform.internal.NoJtaPlatform]
2023-05-19 09:53:33,032 INFO org.springframework.orm.jpa.AbstractEntityManagerFactoryBean [main] Initialized JPA EntityManagerFactory for persistence unit 'default'
2023-05-19 09:53:33,736 INFO org.springframework.security.web.DefaultSecurityFilterChain [main] Will secure any request with [org.springframework.security.web.session.DisableEncodeUrlFilter@1728d307, org.springframework.security.web.context.request.async.WebAsyncManagerIntegrationFilter@252d2ac0, org.springframework.security.web.context.SecurityContextPersistenceFilter@4d7fba20, org.springframework.security.web.header.HeaderWriterFilter@106b476a, org.springframework.security.web.authentication.logout.LogoutFilter@749ffdc7, org.springframework.security.web.authentication.UsernamePasswordAuthenticationFilter@1be3a294, org.springframework.security.web.authentication.ui.DefaultLoginPageGeneratingFilter@6e4bccc, org.springframework.security.web.authentication.ui.DefaultLogoutPageGeneratingFilter@3f0b5619, org.springframework.security.web.savedrequest.RequestCacheAwareFilter@51d2d336, org.springframework.security.web.servletapi.SecurityContextHolderAwareRequestFilter@36696821, org.springframework.security.web.authentication.AnonymousAuthenticationFilter@67afc9b6, org.springframework.security.web.session.SessionManagementFilter@7b44e98e, org.springframework.security.web.access.ExceptionTranslationFilter@2dc77962, org.springframework.security.web.access.intercept.AuthorizationFilter@296949c8]
2023-05-19 09:53:33,857 WARN org.springframework.boot.autoconfigure.orm.jpa.JpaBaseConfiguration$JpaWebConfiguration [main] spring.jpa.open-in-view is enabled by default. Therefore, database queries may be performed during view rendering. Explicitly configure spring.jpa.open-in-view to disable this warning
2023-05-19 09:53:36,199 INFO org.springframework.boot.actuate.endpoint.web.EndpointLinksResolver [main] Exposing 1 endpoint(s) beneath base path '/actuator'
2023-05-19 09:53:36,229 INFO org.apache.juli.logging.DirectJDKLog [main] Starting ProtocolHandler ["http-nio-8080"]
2023-05-19 09:53:36,250 INFO org.springframework.boot.web.embedded.tomcat.TomcatWebServer [main] Tomcat started on port(s): 8080 (http) with context path ''
2023-05-19 09:53:36,269 INFO org.springframework.boot.StartupInfoLogger [main] Started MinRecBotJavaApplication in 8.348 seconds (JVM running for 10.203)
2023-05-19 09:53:36,415 INFO org.apache.juli.logging.DirectJDKLog [RMI TCP Connection(1)-192.168.0.10] Initializing Spring DispatcherServlet 'dispatcherServlet'
2023-05-19 09:53:36,416 INFO org.springframework.web.servlet.FrameworkServlet [RMI TCP Connection(1)-192.168.0.10] Initializing Servlet 'dispatcherServlet'
2023-05-19 09:53:36,419 INFO org.springframework.web.servlet.FrameworkServlet [RMI TCP Connection(1)-192.168.0.10] Completed initialization in 3 ms
2023-05-19 09:54:20,012 INFO org.springdoc.api.AbstractOpenApiResource [http-nio-8080-exec-8] Init duration for springdoc-openapi is: 206 ms
2023-05-19 09:54:35,057 INFO com.example.minrecbotjava.security.UserSecurityServiceImpl [http-nio-8080-exec-9] User registered! UserSecurity(id=1, userName=admin, password=$2a$10$l9AdGCpawJIzONbHtVsVfeM/fmuPhk5qm/nbHt1ay0gX0wvrcDm0G, role=ADMIN)
2023-05-19 09:54:44,308 INFO org.springframework.orm.jpa.AbstractEntityManagerFactoryBean [SpringApplicationShutdownHook] Closing JPA EntityManagerFactory for persistence unit 'default'
2023-05-19 09:54:44,320 INFO com.zaxxer.hikari.HikariDataSource [SpringApplicationShutdownHook] HikariPool-1 - Shutdown initiated...
2023-05-19 09:54:44,323 INFO com.zaxxer.hikari.HikariDataSource [SpringApplicationShutdownHook] HikariPool-1 - Shutdown completed.
